[    0.000000] Linux version 4.15.0-23-generic (buildd@lgw01-amd64-055) (gcc version 7.3.0 (Ubuntu 7.3.0-16ubuntu3)) #25-Ubuntu SMP Wed May 23 18:02:16 UTC 2018 (Ubuntu 4.15.0-23.25-generic 4.15.18)
[    0.000000] Command line: BOOT_IMAGE=/boot/vmlinuz-4.15.0-23-generic root=UUID=b5361850-7320-445b-b1c9-a8b294830484 ro console=tty1 console=ttyS0
[    0.000000] KERNEL supported cpus:
[    0.000000]   Intel GenuineIntel
[    0.000000]   AMD AuthenticAMD
[    0.000000]   Centaur CentaurHauls
[    0.000000] x86/fpu: Supporting XSAVE feature 0x001: 'x87 floating point registers'
[    0.000000] x86/fpu: Supporting XSAVE feature 0x002: 'SSE registers'
[    0.000000] x86/fpu: Supporting XSAVE feature 0x004: 'AVX registers'
[    0.000000] x86/fpu: xstate_offset[2]:  576, xstate_sizes[2]:  256
[    0.000000] x86/fpu: Enabled xstate features 0x7, context size is 832 bytes, using 'standard' format.
[    0.000000] e820: BIOS-provided physical RAM map:
[    0.000000] BIOS-e820: [mem 0x0000000000000000-0x000000000009fbff] usable
[    0.000000] BIOS-e820: [mem 0x000000000009fc00-0x000000000009ffff] reserved
[    0.000000] BIOS-e820: [mem 0x00000000000f0000-0x00000000000fffff] reserved
[    0.000000] BIOS-e820: [mem 0x0000000000100000-0x000000003ffeffff] usable
[    0.000000] BIOS-e820: [mem 0x000000003fff0000-0x000000003fffffff] ACPI data
[    0.000000] BIOS-e820: [mem 0x00000000fec00000-0x00000000fec00fff] reserved
[    0.000000] BIOS-e820: [mem 0x00000000fee00000-0x00000000fee00fff] reserved
[    0.000000] BIOS-e820: [mem 0x00000000fffc0000-0x00000000ffffffff] reserved
[    0.000000] NX (Execute Disable) protection: active
[    0.000000] random: fast init done
[    0.000000] SMBIOS 2.5 present.
[    0.000000] DMI: innotek GmbH VirtualBox/VirtualBox, BIOS VirtualBox 12/01/2006
[    0.000000] Hypervisor detected: KVM
[    0.000000] e820: last_pfn = 0x3fff0 max_arch_pfn = 0x400000000
[    0.000000] MTRR: Disabled
[    0.000000] x86/PAT: MTRRs disabled, skipping PAT initialization too.
[    0.000000] CPU MTRRs all blank - virtualized system.
[    0.000000] x86/PAT: Configuration [0-7]: WB  WT  UC- UC  WB  WT  UC- UC  
[    0.000000] found SMP MP-table at [mem 0x0009fff0-0x0009ffff] mapped at [        (ptrval)]
[    0.000000] Scanning 1 areas for low memory corruption
[    0.000000] RAMDISK: [mem 0x359e5000-0x36ce9fff]
[    0.000000] ACPI: Early table checksum verification disabled
[    0.000000] ACPI: RSDP 0x00000000000E0000 000024 (v02 VBOX  )
[    0.000000] ACPI: XSDT 0x000000003FFF0030 00003C (v01 VBOX   VBOXXSDT 00000001 ASL  00000061)
[    0.000000] ACPI: FACP 0x000000003FFF00F0 0000F4 (v04 VBOX   VBOXFACP 00000001 ASL  00000061)
[    0.000000] ACPI: DSDT 0x000000003FFF0470 0021FF (v02 VBOX   VBOXBIOS 00000002 INTL 20100528)
[    0.000000] ACPI: FACS 0x000000003FFF0200 000040
[    0.000000] ACPI: FACS 0x000000003FFF0200 000040
[    0.000000] ACPI: APIC 0x000000003FFF0240 000054 (v02 VBOX   VBOXAPIC 00000001 ASL  00000061)
[    0.000000] ACPI: SSDT 0x000000003FFF02A0 0001CC (v01 VBOX   VBOXCPUT 00000002 INTL 20100528)
[    0.000000] No NUMA configuration found
[    0.000000] Faking a node at [mem 0x0000000000000000-0x000000003ffeffff]
[    0.000000] NODE_DATA(0) allocated [mem 0x3ffc5000-0x3ffeffff]
[    0.000000] kvm-clock: cpu 0, msr 0:3ff44001, primary cpu clock
[    0.000000] kvm-clock: Using msrs 4b564d01 and 4b564d00
[    0.000000] kvm-clock: using sched offset of 4452132353 cycles
[    0.000000] clocksource: kvm-clock: mask: 0xffffffffffffffff max_cycles: 0x1cd42e4dffb, max_idle_ns: 881590591483 ns
[    0.000000] Zone ranges:
[    0.000000]   DMA      [mem 0x0000000000001000-0x0000000000ffffff]
[    0.000000]   DMA32    [mem 0x0000000001000000-0x000000003ffeffff]
[    0.000000]   Normal   empty
[    0.000000]   Device   empty
[    0.000000] Movable zone start for each node
[    0.000000] Early memory node ranges
[    0.000000]   node   0: [mem 0x0000000000001000-0x000000000009efff]
[    0.000000]   node   0: [mem 0x0000000000100000-0x000000003ffeffff]
[    0.000000] Initmem setup node 0 [mem 0x0000000000001000-0x000000003ffeffff]
[    0.000000] Reserved but unavailable: 98 pages
[    0.000000] ACPI: PM-Timer IO Port: 0x4008
[    0.000000] IOAPIC[0]: apic_id 1, version 32, address 0xfec00000, GSI 0-23
[    0.000000] ACPI: INT_SRC_OVR (bus 0 bus_irq 0 global_irq 2 dfl dfl)
[    0.000000] ACPI: INT_SRC_OVR (bus 0 bus_irq 9 global_irq 9 low level)
[    0.000000] Using ACPI (MADT) for SMP configuration information
[    0.000000] smpboot: Allowing 1 CPUs, 0 hotplug CPUs
[    0.000000] PM: Registered nosave memory: [mem 0x00000000-0x00000fff]
[    0.000000] PM: Registered nosave memory: [mem 0x0009f000-0x0009ffff]
[    0.000000] PM: Registered nosave memory: [mem 0x000a0000-0x000effff]
[    0.000000] PM: Registered nosave memory: [mem 0x000f0000-0x000fffff]
[    0.000000] e820: [mem 0x40000000-0xfebfffff] available for PCI devices
[    0.000000] Booting paravirtualized kernel on KVM
[    0.000000] clocksource: refined-jiffies: mask: 0xffffffff max_cycles: 0xffffffff, max_idle_ns: 7645519600211568 ns
[    0.000000] setup_percpu: NR_CPUS:8192 nr_cpumask_bits:1 nr_cpu_ids:1 nr_node_ids:1
[    0.000000] percpu: Embedded 46 pages/cpu @        (ptrval) s151552 r8192 d28672 u2097152
[    0.000000] PV qspinlock hash table entries: 256 (order: 0, 4096 bytes)
[    0.000000] Built 1 zonelists, mobility grouping on.  Total pages: 257913
[    0.000000] Policy zone: DMA32
[    0.000000] Kernel command line: BOOT_IMAGE=/boot/vmlinuz-4.15.0-23-generic root=UUID=b5361850-7320-445b-b1c9-a8b294830484 ro console=tty1 console=ttyS0
[    0.000000] Memory: 983292K/1048120K available (12300K kernel code, 2470K rwdata, 4240K rodata, 2408K init, 2416K bss, 64828K reserved, 0K cma-reserved)
[    0.000000] SLUB: HWalign=64, Order=0-3, MinObjects=0, CPUs=1, Nodes=1
[    0.000000] Kernel/User page tables isolation: enabled
[    0.000000] ftrace: allocating 39083 entries in 153 pages
[    0.004000] Hierarchical RCU implementation.
[    0.004000] 	RCU restricting CPUs from NR_CPUS=8192 to nr_cpu_ids=1.
[    0.004000] 	Tasks RCU enabled.
[    0.004000] RCU: Adjusting geometry for rcu_fanout_leaf=16, nr_cpu_ids=1
[    0.004000] NR_IRQS: 524544, nr_irqs: 256, preallocated irqs: 16
[    0.004000] Console: colour VGA+ 80x25
[    0.004000] console [tty1] enabled
[    0.004000] console [ttyS0] enabled
[    0.004000] ACPI: Core revision 20170831
[    0.004000] ACPI: 2 ACPI AML tables successfully acquired and loaded
[    0.004000] APIC: Switch to symmetric I/O mode setup
[    0.004000] x2apic enabled
[    0.004000] Switched APIC routing to physical x2apic.
[    0.008309] ..TIMER: vector=0x30 apic1=0 pin1=2 apic2=-1 pin2=-1
[    0.012002] tsc: Detected 3299.048 MHz processor
[    0.016009] Calibrating delay loop (skipped) preset value.. 6598.09 BogoMIPS (lpj=13196192)
[    0.016952] pid_max: default: 32768 minimum: 301
[    0.020041] Security Framework initialized
[    0.024006] Yama: becoming mindful.
[    0.024485] AppArmor: AppArmor initialized
[    0.031337] Dentry cache hash table entries: 131072 (order: 8, 1048576 bytes)
[    0.032080] Inode-cache hash table entries: 65536 (order: 7, 524288 bytes)
[    0.036027] Mount-cache hash table entries: 2048 (order: 2, 16384 bytes)
[    0.040013] Mountpoint-cache hash table entries: 2048 (order: 2, 16384 bytes)
[    0.041097] CPU: Physical Processor ID: 0
[    0.044027] mce: CPU supports 0 MCE banks
[    0.048019] process: using mwait in idle threads
[    0.052019] Last level iTLB entries: 4KB 1024, 2MB 1024, 4MB 1024
[    0.056006] Last level dTLB entries: 4KB 1024, 2MB 1024, 4MB 1024, 1GB 4
[    0.060006] Spectre V2 : Mitigation: Full generic retpoline
[    0.064006] Speculative Store Bypass: Vulnerable
[    0.080390] Freeing SMP alternatives memory: 36K
[    0.088000] smpboot: CPU0: Intel(R) Xeon(R) CPU E3-1230 v3 @ 3.30GHz (family: 0x6, model: 0x3c, stepping: 0x3)
[    0.088086] Performance Events: unsupported p6 CPU model 60 no PMU driver, software events only.
[    0.092146] Hierarchical SRCU implementation.
[    0.100316] NMI watchdog: Perf event create on CPU 0 failed with -2
[    0.104000] NMI watchdog: Perf NMI watchdog permanently disabled
[    0.104075] smp: Bringing up secondary CPUs ...
[    0.108007] smp: Brought up 1 node, 1 CPU
[    0.108539] smpboot: Max logical packages: 1
[    0.112003] smpboot: Total of 1 processors activated (6598.09 BogoMIPS)
[    0.112869] devtmpfs: initialized
[    0.116074] x86/mm: Memory block size: 128MB
[    0.120254] evm: security.selinux
[    0.124027] evm: security.SMACK64
[    0.128007] evm: security.SMACK64EXEC
[    0.132007] evm: security.SMACK64TRANSMUTE
[    0.132541] evm: security.SMACK64MMAP
[    0.136002] evm: security.apparmor
[    0.136437] evm: security.ima
[    0.136826] evm: security.capability
[    0.137458] clocksource: jiffies: mask: 0xffffffff max_cycles: 0xffffffff, max_idle_ns: 7645041785100000 ns
[    0.140015] futex hash table entries: 256 (order: 2, 16384 bytes)
[    0.140787] pinctrl core: initialized pinctrl subsystem
[    0.141653] RTC time: 18:02:45, date: 06/14/18
[    0.142278] NET: Registered protocol family 16
[    0.142873] audit: initializing netlink subsys (disabled)
[    0.144188] cpuidle: using governor ladder
[    0.144702] cpuidle: using governor menu
[    0.145231] ACPI: bus type PCI registered
[    0.148011] acpiphp: ACPI Hot Plug PCI Controller Driver version: 0.5
[    0.152025] audit: type=2000 audit(1528999367.775:1): state=initialized audit_enabled=0 res=1
[    0.156110] PCI: Using configuration type 1 for base access
[    0.160888] HugeTLB registered 2.00 MiB page size, pre-allocated 0 pages
[    0.168159] ACPI: Added _OSI(Module Device)
[    0.172017] ACPI: Added _OSI(Processor Device)
[    0.176006] ACPI: Added _OSI(3.0 _SCP Extensions)
[    0.176562] ACPI: Added _OSI(Processor Aggregator Device)
[    0.180092] ACPI: Executed 1 blocks of module-level executable AML code
[    0.186922] ACPI: Interpreter enabled
[    0.188024] ACPI: (supports S0 S5)
[    0.188447] ACPI: Using IOAPIC for interrupt routing
[    0.189253] PCI: Using host bridge windows from ACPI; if necessary, use "pci=nocrs" and report a bug
[    0.190418] ACPI: Enabled 2 GPEs in block 00 to 07
[    0.197406] ACPI: PCI Root Bridge [PCI0] (domain 0000 [bus 00-ff])
[    0.200016] acpi PNP0A03:00: _OSC: OS supports [ASPM ClockPM Segments MSI]
[    0.200805] acpi PNP0A03:00: _OSC: not requesting OS control; OS requires [ExtendedConfig ASPM ClockPM MSI]
[    0.202197] acpi PNP0A03:00: fail to add MMCONFIG information, can't access extended PCI configuration space under this bridge.
[    0.204414] PCI host bridge to bus 0000:00
[    0.208018] pci_bus 0000:00: root bus resource [io  0x0000-0x0cf7 window]
[    0.210405] pci_bus 0000:00: root bus resource [io  0x0d00-0xffff window]
[    0.212015] pci_bus 0000:00: root bus resource [mem 0x000a0000-0x000bffff window]
[    0.216010] pci_bus 0000:00: root bus resource [mem 0x40000000-0xfdffffff window]
[    0.220010] pci_bus 0000:00: root bus resource [bus 00-ff]
[    0.222099] pci 0000:00:01.1: legacy IDE quirk: reg 0x10: [io  0x01f0-0x01f7]
[    0.224010] pci 0000:00:01.1: legacy IDE quirk: reg 0x14: [io  0x03f6]
[    0.228003] pci 0000:00:01.1: legacy IDE quirk: reg 0x18: [io  0x0170-0x0177]
[    0.230101] pci 0000:00:01.1: legacy IDE quirk: reg 0x1c: [io  0x0376]
[    0.241426] pci 0000:00:07.0: quirk: [io  0x4000-0x403f] claimed by PIIX4 ACPI
[    0.244020] pci 0000:00:07.0: quirk: [io  0x4100-0x410f] claimed by PIIX4 SMB
[    0.261702] ACPI: PCI Interrupt Link [LNKA] (IRQs 5 9 10 *11)
[    0.268232] ACPI: PCI Interrupt Link [LNKB] (IRQs 5 9 *10 11)
[    0.272138] ACPI: PCI Interrupt Link [LNKC] (IRQs 5 *9 10 11)
[    0.272901] ACPI: PCI Interrupt Link [LNKD] (IRQs 5 9 10 *11)
[    0.276377] SCSI subsystem initialized
[    0.280193] pci 0000:00:02.0: vgaarb: setting as boot VGA device
[    0.284000] pci 0000:00:02.0: vgaarb: VGA device added: decodes=io+mem,owns=io+mem,locks=none
[    0.284010] pci 0000:00:02.0: vgaarb: bridge control possible
[    0.288008] vgaarb: loaded
[    0.292074] ACPI: bus type USB registered
[    0.296041] usbcore: registered new interface driver usbfs
[    0.300029] usbcore: registered new interface driver hub
[    0.304036] usbcore: registered new device driver usb
[    0.308091] EDAC MC: Ver: 3.0.0
[    0.308785] PCI: Using ACPI for IRQ routing
[    0.312232] NetLabel: Initializing
[    0.312675] NetLabel:  domain hash size = 128
[    0.316006] NetLabel:  protocols = UNLABELED CIPSOv4 CALIPSO
[    0.320027] NetLabel:  unlabeled traffic allowed by default
[    0.324165] clocksource: Switched to clocksource kvm-clock
[    0.344579] VFS: Disk quotas dquot_6.6.0
[    0.368090] VFS: Dquot-cache hash table entries: 512 (order 0, 4096 bytes)
[    0.419788] AppArmor: AppArmor Filesystem Enabled
[    0.422246] pnp: PnP ACPI init
[    0.423638] pnp: PnP ACPI: found 3 devices
[    0.441800] clocksource: acpi_pm: mask: 0xffffff max_cycles: 0xffffff, max_idle_ns: 2085701024 ns
[    0.502455] NET: Registered protocol family 2
[    0.520605] TCP established hash table entries: 8192 (order: 4, 65536 bytes)
[    0.528801] TCP bind hash table entries: 8192 (order: 5, 131072 bytes)
[    0.529677] TCP: Hash tables configured (established 8192 bind 8192)
[    0.545051] UDP hash table entries: 512 (order: 2, 16384 bytes)
[    0.552670] UDP-Lite hash table entries: 512 (order: 2, 16384 bytes)
[    0.604516] NET: Registered protocol family 1
[    0.658534] pci 0000:00:00.0: Limiting direct PCI/PCI transfers
[    0.659225] pci 0000:00:01.0: Activating ISA DMA hang workarounds
[    0.659978] pci 0000:00:02.0: Video device with shadowed ROM at [mem 0x000c0000-0x000dffff]
[    0.661048] Unpacking initramfs...
[    0.981154] Freeing initrd memory: 19476K
[    1.047922] platform rtc_cmos: registered platform RTC device (no PNP device found)
[    1.059400] Scanning for low memory corruption every 60 seconds
[    1.087095] Initialise system trusted keyrings
[    1.110595] Key type blacklist registered
[    1.125950] workingset: timestamp_bits=36 max_order=18 bucket_order=0
[    1.202467] zbud: loaded
[    1.203213] squashfs: version 4.0 (2009/01/31) Phillip Lougher
[    1.288369] fuse init (API version 7.26)
[    1.300249] Key type asymmetric registered
[    1.351726] Asymmetric key parser 'x509' registered
[    1.352371] Block layer SCSI generic (bsg) driver version 0.4 loaded (major 246)
[    1.353294] io scheduler noop registered
[    1.387295] io scheduler deadline registered
[    1.393935] io scheduler cfq registered (default)
[    1.397484] ACPI: AC Adapter [AC] (on-line)
[    1.413618] input: Power Button as /devices/LNXSYSTM:00/LNXPWRBN:00/input/input0
[    1.446713] ACPI: Power Button [PWRF]
[    1.447274] input: Sleep Button as /devices/LNXSYSTM:00/LNXSLPBN:00/input/input1
[    1.459267] ACPI: Sleep Button [SLPF]
[    1.461133] Serial: 8250/16550 driver, 32 ports, IRQ sharing enabled
[    1.483532] 00:02: ttyS0 at I/O 0x3f8 (irq = 4, base_baud = 115200) is a 16550A
[    1.528594] Linux agpgart interface v0.103
[    1.549397] loop: module loaded
[    1.556412] scsi host0: ata_piix
[    1.558258] scsi host1: ata_piix
[    1.558719] ata1: PATA max UDMA/33 cmd 0x1f0 ctl 0x3f6 bmdma 0xd000 irq 14
[    1.562319] ata2: PATA max UDMA/33 cmd 0x170 ctl 0x376 bmdma 0xd008 irq 15
[    1.563657] libphy: Fixed MDIO Bus: probed
[    1.564180] tun: Universal TUN/TAP device driver, 1.6
[    1.564831] PPP generic driver version 2.4.2
[    1.584500] ehci_hcd: USB 2.0 'Enhanced' Host Controller (EHCI) Driver
[    1.593591] ehci-pci: EHCI PCI platform driver
[    1.594225] ehci-platform: EHCI generic platform driver
[    1.594892] ohci_hcd: USB 1.1 'Open' Host Controller (OHCI) Driver
[    1.617908] ohci-pci: OHCI PCI platform driver
[    1.634596] ohci-platform: OHCI generic platform driver
[    1.635229] uhci_hcd: USB Universal Host Controller Interface driver
[    1.636057] i8042: PNP: PS/2 Controller [PNP0303:PS2K,PNP0f03:PS2M] at 0x60,0x64 irq 1,12
[    1.641885] serio: i8042 KBD port at 0x60,0x64 irq 1
[    1.651481] serio: i8042 AUX port at 0x60,0x64 irq 12
[    1.658287] mousedev: PS/2 mouse device common for all mice
[    1.659550] input: AT Translated Set 2 keyboard as /devices/platform/i8042/serio0/input/input2
[    1.676236] rtc_cmos rtc_cmos: rtc core: registered rtc_cmos as rtc0
[    1.681611] rtc_cmos rtc_cmos: alarms up to one day, 114 bytes nvram
[    1.794412] i2c /dev entries driver
[    1.877272] device-mapper: uevent: version 1.0.3
[    1.929591] device-mapper: ioctl: 4.37.0-ioctl (2017-09-20) initialised: dm-devel@redhat.com
[    2.006083] ledtrig-cpu: registered to indicate activity on CPUs
[    2.088170] tsc: Refined TSC clocksource calibration: 3299.523 MHz
[    2.184281] clocksource: tsc: mask: 0xffffffffffffffff max_cycles: 0x2f8f899dfdd, max_idle_ns: 440795272327 ns
[    2.316267] NET: Registered protocol family 10
[    2.367176] Segment Routing with IPv6
[    2.394369] NET: Registered protocol family 17
[    2.395039] Key type dns_resolver registered
[    2.395687] RAS: Correctable Errors collector initialized.
[    2.396362] sched_clock: Marking stable (2396337962, 0)->(7052955403, -4656617441)
[    2.403488] registered taskstats version 1
[    2.427518] Loading compiled-in X.509 certificates
[    2.433185] Loaded X.509 cert 'Build time autogenerated kernel key: d77482c25b833df502ed38a87c5d7f330fdff3cb'
[    2.472202] zswap: loaded using pool lzo/zbud
[    2.490765] Key type big_key registered
[    2.502734] Key type trusted registered
[    2.504607] Key type encrypted registered
[    2.512319] AppArmor: AppArmor sha1 policy hashing enabled
[    2.513071] ima: No TPM chip found, activating TPM-bypass! (rc=-19)
[    2.591833] evm: HMAC attrs: 0x1
[    2.600468]   Magic number: 6:921:38
[    2.623672] bdi 7:3: hash matches
[    2.645360] rtc_cmos rtc_cmos: setting system clock to 2018-06-14 18:02:48 UTC (1528999368)
[    2.646399] BIOS EDD facility v0.16 2004-Jun-25, 0 devices found
[    2.658042] EDD information not available.
[    2.689813] Freeing unused kernel memory: 2408K
[    2.704252] Write protecting the kernel read-only data: 20480k
[    2.735542] Freeing unused kernel memory: 2008K
[    2.739214] Freeing unused kernel memory: 1904K
[    2.838040] x86/mm: Checked W+X mappings: passed, no W+X pages found.
[    2.878861] x86/mm: Checking user space page tables
[    2.890736] x86/mm: Checked W+X mappings: passed, no W+X pages found.
Loading, please wait...
starting version 237
[    3.122870] e1000: Intel(R) PRO/1000 Network Driver - version 7.3.21-k8-NAPI
[    3.267743] e1000: Copyright (c) 1999-2006 Intel Corporation.
[    3.318601] AVX2 version of gcm_enc/dec engaged.
[    3.425988] AES CTR mode by8 optimization enabled
[    3.496750] Fusion MPT base driver 3.04.20
[    3.579270] Copyright (c) 1999-2008 LSI Corporation
[    3.653451] input: ImExPS/2 Generic Explorer Mouse as /devices/platform/i8042/serio1/input/input4
[    3.742901] Fusion MPT SPI Host driver 3.04.20
[    4.151941] e1000 0000:00:03.0 eth0: (PCI:33MHz:32-bit) 02:64:30:56:7d:5d
[    4.207671] e1000 0000:00:03.0 eth0: Intel(R) PRO/1000 Network Connection
[    4.222402] mptbase: ioc0: Initiating bringup
[    4.340263] ioc0: LSI53C1030 A0: Capabilities={Initiator}
[    4.610351] scsi host2: ioc0: LSI53C1030 A0, FwRev=00000000h, Ports=1, MaxQ=256, IRQ=20
[    4.872697] scsi 2:0:0:0: Direct-Access     VBOX     HARDDISK         1.0  PQ: 0 ANSI: 5
[    5.005928] scsi target2:0:0: Beginning Domain Validation
[    5.022760] scsi target2:0:0: Domain Validation skipping write tests
[    5.056036] scsi target2:0:0: Ending Domain Validation
[    5.066353] scsi target2:0:0: asynchronous
[    5.157081] scsi 2:0:1:0: Direct-Access     VBOX     HARDDISK         1.0  PQ: 0 ANSI: 5
[    5.226847] scsi target2:0:1: Beginning Domain Validation
[    5.299285] scsi target2:0:1: Domain Validation skipping write tests
[    5.343810] scsi target2:0:1: Ending Domain Validation
[    5.419596] scsi target2:0:1: asynchronous
[    5.612550] sd 2:0:0:0: Attached scsi generic sg0 type 0
[    5.628178] sd 2:0:0:0: [sda] 104857600 512-byte logical blocks: (53.7 GB/50.0 GiB)
[    5.736937] sd 2:0:1:0: [sdb] 20480 512-byte logical blocks: (10.5 MB/10.0 MiB)
[    5.780740] sd 2:0:1:0: Attached scsi generic sg1 type 0
[    5.841965] e1000 0000:00:08.0 eth1: (PCI:33MHz:32-bit) 08:00:27:1f:40:3b
[    5.855219] e1000 0000:00:08.0 eth1: Intel(R) PRO/1000 Network Connection
[    5.856997] sd 2:0:1:0: [sdb] Write Protect is off
[    5.861591] sd 2:0:0:0: [sda] Write Protect is off
[    5.887818] sd 2:0:1:0: [sdb] Incomplete mode parameter data
[    5.900546] sd 2:0:1:0: [sdb] Assuming drive cache: write through
[    5.938661] sd 2:0:0:0: [sda] Incomplete mode parameter data
[    5.971354] sd 2:0:0:0: [sda] Assuming drive cache: write through
[    6.011292]  sda: sda1
[    6.053915] sd 2:0:1:0: [sdb] Attached SCSI disk
[    6.168292] sd 2:0:0:0: [sda] Attached SCSI disk
[    6.516463] e1000 0000:00:09.0 eth2: (PCI:33MHz:32-bit) 08:00:27:d6:9e:17
[    6.565214] e1000 0000:00:09.0 eth2: Intel(R) PRO/1000 Network Connection
[    6.595050] e1000 0000:00:03.0 enp0s3: renamed from eth0
[    6.641196] e1000 0000:00:08.0 enp0s8: renamed from eth1
[    6.717845] e1000 0000:00:09.0 enp0s9: renamed from eth2
Begin: Loading essential drivers ... [    8.304029] raid6: sse2x1   gen()  9783 MB/s
[    8.456313] raid6: sse2x1   xor()  7828 MB/s
[    8.536526] raid6: sse2x2   gen() 12370 MB/s
[    8.660171] raid6: sse2x2   xor()  8050 MB/s
[    8.720285] raid6: sse2x4   gen() 13334 MB/s
[    8.844251] raid6: sse2x4   xor()  9584 MB/s
[    8.984142] raid6: avx2x1   gen() 20329 MB/s
[    9.092291] raid6: avx2x1   xor() 12439 MB/s
[    9.196482] raid6: avx2x2   gen() 23385 MB/s
[    9.316123] raid6: avx2x2   xor() 13553 MB/s
[    9.392090] raid6: avx2x4   gen() 26711 MB/s
[    9.460295] raid6: avx2x4   xor() 16168 MB/s
[    9.509494] raid6: using algorithm avx2x4 gen() 26711 MB/s
[    9.531491] raid6: .... xor() 16168 MB/s, rmw enabled
[    9.548079] raid6: using avx2x2 recovery algorithm
[    9.578483] xor: automatically using best checksumming function   avx       
[    9.725649] async_tx: api initialized (async)
done.
Begin: Running /scripts/init-p[    9.848309] Btrfs loaded, crc32c=crc32c-intel
remount ... done.
Begin: Mounting root file system ... Begin: Running /scripts/local-top ... done.
Begin: Runn[    9.887960] EXT4-fs (sda1): INFO: recovery required on readonly filesystem
ing /scripts/loc[    9.961760] EXT4-fs (sda1): write access will be enabled during recovery
al-premount ... Scanning for Btrfs filesystems
done.
Warning: fsck not present, so skipping root file system
[   10.080580] EXT4-fs (sda1): orphan cleanup on readonly fs
[   10.195942] EXT4-fs (sda1): 7 orphan inodes deleted
[   10.209826] EXT4-fs (sda1): recovery complete
[   10.224332] EXT4-fs (sda1): mounted filesystem with ordered data mode. Opts: (null)
done.
Begin: Running /scripts/local-bottom ... done.
Begin: Running /scripts/init-bottom ... done.
[   10.488888] ip_tables: (C) 2000-2006 Netfilter Core Team
[   10.526508] systemd[1]: systemd 237 running in system mode. (+PAM +AUDIT +SELINUX +IMA +APPARMOR +SMACK +SYSVINIT +UTMP +LIBCRYPTSETUP +GCRYPT +GNUTLS +ACL +XZ +LZ4 +SECCOMP +BLKID +ELFUTILS +KMOD -IDN2 +IDN -PCRE2 default-hierarchy=hybrid)
[   10.788367] systemd[1]: Detected virtualization oracle.
[   10.800568] systemd[1]: Detected architecture x86-64.

Welcome to [1mUbuntu 18.04 LTS[0m!

[   10.870466] systemd[1]: Set hostname to <ubuntu-bionic>.
[   11.135170] systemd[1]: Reached target User and Group Name Lookups.
[[0;32m  OK  [0m] Reached target User and Group Name Lookups.
[   11.276102] systemd[1]: Reached target System Time Synchronized.
[[0;32m  OK  [0m] Reached target System Time Synchronized.
[   11.472651] systemd[1]: Started Forward Password Requests to Wall Directory Watch.
[[0;32m  OK  [0m] Started Forward Password Requests to Wall Directory Watch.
[   11.684804] systemd[1]: Created slice User and Session Slice.
[[0;32m  OK  [0m] Created slice User and Session Slice.
[   11.788625] systemd[1]: Created slice System Slice.
[[0;32m  OK  [0m] Created slice System Slice.
[   11.912227] systemd[1]: Listening on Journal Socket (/dev/log).
[[0;32m  OK  [0m] Listening on Journal Socket (/dev/log).
[[0;32m  OK  [0m] Listening on udev Kernel Socket.
[[0;32m  OK  [0m] Listening on /dev/initctl Compatibility Named Pipe.
[[0;32m  OK  [0m] Listening on Journal Socket.
         Starting Create list of required st…ce nodes for the current kernel...
         Starting Set the console keyboard layout...
         Starting Uncomplicated firewall...
         Mounting Kernel Debug File System...
[[0;32m  OK  [0m] Listening on Syslog Socket.
         Mounting Huge Pages File System...
[[0;32m  OK  [0m] Listening on LVM2 metadata daemon socket.
         Starting Load Ke[   12.591276] Loading iSCSI transport class v2.0-870.
rnel Modules...[   12.704926] iscsi: registered transport (tcp)

[[0;32m  OK  [0m] Listening on [   12.813448] iscsi: registered transport (iser)
Network Service Netlink Socket.
[[0;32m  OK  [0m] Listening on Journal Audit Socket.
         Starting Journal Service...
         Starting Remount Root and Kernel File Systems...
[[0;32m  OK  [0m] Listening on ude[   12.911914] random: crng init done
v Control Socket.
[[0;32m  OK  [0m] Reached target Swap.
[   12.964472] EXT4-fs (sda1): re-mounted. Opts: (null)
[[0;32m  OK  [0m] Listening on LVM2 poll daemon socket.
[[0;32m  OK  [0m] Reached target Slices.
         Starting udev Coldplug all Devices...
[[0;32m  OK  [0m] Set up automount Arbitrary Executab…rmats File System Automount Point.
[[0;32m  OK  [0m] Created slice system-serial\x2dgetty.slice.
[[0;32m  OK  [0m] Listening on Device-mapper event daemon FIFOs.
         Starting Monitoring of LVM2 mirrors…ng dmeventd or progress polling...
         Mounting POSIX Message Queue File System...
[[0;32m  OK  [0m] Started Journal Service.
[[0;32m  OK  [0m] Started Create list of required sta…vice nodes for the current kernel.
[[0;32m  OK  [0m] Started Set the console keyboard layout.
[[0;32m  OK  [0m] Started Uncomplicated firewall.
[[0;32m  OK  [0m] Mounted Kernel Debug File System.
[[0;32m  OK  [0m] Mounted Huge Pages File System.
[[0;32m  OK  [0m] Started Load Kernel Modules.
[[0;32m  OK  [0m] Started Remount Root and Kernel File Systems.
[[0;32m  OK  [0m] Mounted POSIX Message Queue File System.
[[0;32m  OK  [0m] Started udev Coldplug all Devices.
[[0;32m  OK  [0m] Started LVM2 metadata daemon.
         Starting Load/Save Random Seed...
         Starting Initial cloud-init job (pre-networking)...
         Starting Apply Kernel Variables...
         Mounting FUSE Control File System...
         Mounting Kernel Configuration File System...
         Starting Create Static Device Nodes in /dev...
         Starting Flush Journal to Persistent Storage...
[[0;32m  OK  [0m] Started Monitoring of LVM2 mirrors,…sing dmeventd or progress polling.
[[0;32m  OK  [0m] Started Load/Save Random Seed.
[[0;32m  OK  [0m] Started Apply Kernel Variables.
[[0;32m  OK  [0m] Mounted FUSE Control File System.
[[0;32m  OK  [0m] Mounted Kernel Configuration File System.
[[0;32m  OK  [0m] Started Create Static Device Nodes in /dev.
         Starting udev Kernel Device Manager...
[[0;32m  OK  [0m] Reached target Local File Systems (Pre).
[[0;32m  OK  [0m] Reached target Local File Systems.
         Starting ebtables ruleset management...
         Starting Tell Plymouth To Write Out Runtime Data...
         Starting AppArmor initialization...
         Starting Set console font and keymap...
[[0;32m  OK  [0m] Started udev Kernel Device Manager.
[[0;32m  OK  [0m] Started Tell Plymouth To Write Out Runtime Data.
[[0;32m  OK  [0m] Started Set console font and keymap.
[[0;32m  OK  [0m] Started Dispatch Password Requests to Console Directory Watch.
[[0;32m  OK  [0m] Reached target Local Encrypted Volumes.
[[0;32m  OK  [0m] Started ebtables ruleset management.
[[0;32m  OK  [0m] Started Flush Journal to Persistent Storage.
         Starting Create Volatile Files and Directories...
[[0;32m  OK  [0m] Started Create Volatile Files and Directories.
         Starting Update UTMP about System Boot/Shutdown...
[[0;32m  OK  [0m] Started Update UTMP about System Boot/Shutdown.
[[0;32m  OK  [0m] Started AppArmor initialization.
[[0;32m  OK  [0m] Found device /dev/ttyS0.
[[0;32m  OK  [0m] Found device 82540EM Gigabit Ethern…ler (PRO/1000 MT Desktop Adapter).
[[0;32m  OK  [0m] Found device 82540EM Gigabit Ethern…ler (PRO/1000 MT Desktop Adapter).
[   15.232439] cloud-init[417]: Cloud-init v. 18.2 running 'init-local' at Thu, 14 Jun 2018 18:03:00 +0000. Up 14.80 seconds.
[[0;32m  OK  [0m] Started Initial cloud-init job (pre-networking).
[[0;32m  OK  [0m] Reached target Network (Pre).
         Starting Network Service...
         Starting Raise network interfaces...
[[0;32m  OK  [0m] Started ifup for enp0s9.
[[0;32m  OK  [0m] Started ifup for enp0s8.
[[0;32m  OK  [0m] Started Network Service.
[[0;32m  OK  [0m] Listening on Load/Save RF Kill Switch Status /dev/rfkill Watch.
         Starting Network Name Resolution...
         Starting Wait for Network to be Configured...
[[0;32m  OK  [0m] Started Network Name Resolution.
[[0;32m  OK  [0m] Reached target Host and Network Name Lookups.
         Stopping Network Name Resolution...
[[0;32m  OK  [0m] Stopped Network Name Resolution.
[[0;32m  OK  [0m] Started Wait for Network to be Configured.
         Starting Network Name Resolution...
[[0;32m  OK  [0m] Started Network Name Resolution.
[[0;1;31mFAILED[0m] Failed to start Raise network interfaces.
See 'systemctl status networking.service' for details.
[[0;32m  OK  [0m] Reached target Network.
         Starting Initial cloud-init job (metadata service crawler)...
[   18.693594] cloud-init[812]: Cloud-init v. 18.2 running 'init' at Thu, 14 Jun 2018 18:03:04 +0000. Up 18.34 seconds.
[[0;32m  OK  [0m] Started Initial cloud-init job (metadata service crawler).
[[0;32m  OK  [0m] Reached target System Initialization.
[   18.769961] cloud-init[812]: ci-info: ++++++++++++++++++++++++++++++++++++++Net device info+++++++++++++++++++++++++++++++++++++++
[[0;32m  OK  [0m] Started Message of the Day.
[   18.903261] cloud-init[812]: ci-info: +--------+------+-----------------------------+---------------+--------+-------------------+
[   19.020611] cloud-init[812]: ci-info: | Device |  Up  |           Address           |      Mask     | Scope  |     Hw-Address    |
[[0;32m  OK  [0m] Started ACPI Events Check.
[[0;32m  OK  [0m] Reached target Paths.
[   19.158329] cloud-init[812]: ci-info: +--------+------+-----------------------------+---------------+--------+-------------------+
         Starting LXD - unix socket.
         Starting Socket activation for snappy daemon.
[[0;32m  OK  [0m] Started Discard unused blocks once a week.
[[0;32m  OK  [0m] Listening on ACPID Listen Socket.
[[0;32m  OK  [0m] Started Daily apt download activities.
[[0;32m  OK  [0m] Started Daily apt upgrade and clean activities.
[   19.371916] cloud-init[812]: ci-info: | enp0s3 | True |          10.0.2.15          | 255.255.255.0 | global | 02:64:30:56:7d:5d |
[[0;32m  OK  [0m] Listening on UUID daemon activation socket.
[[0;32m  OK  [0m] Listening on D-Bus System Message Bus Socket.
[[0;32m  OK  [0m] Started Daily Cleanup of Temporary Directories.
[   19.702724] cloud-init[812]: ci-info: | enp0s3 | True |  fe80::64:30ff:fe56:7d5d/64 |       .       |  link  | 02:64:30:56:7d:5d |
[[0;32m  OK  [0m[   19.776185] cloud-init[812]: ci-info: | enp0s8 | True |       192.168.100.110       | 255.255.255.0 | global | 08:00:27:1f:40:3b |
[   19.776556] cloud-init[812]: ci-info: | enp0s8 | True | fe80::a00:27ff:fe1f:403b/64 |       .       |  link  | 08:00:27:1f:40:3b |
[   19.776607] cloud-init[812]: ci-info: | enp0s9 | True |        192.168.50.10        | 255.255.255.0 | global | 08:00:27:d6:9e:17 |
[   19.776651] cloud-init[812]: ci-info: | enp0s9 | True | fe80::a00:27ff:fed6:9e17/64 |       .       |  link  | 08:00:27:d6:9e:17 |
[   19.776693] cloud-init[812]: ci-info: |   lo   | True |          127.0.0.1          |   255.0.0.0   |  host  |         .         |
[   19.776741] cloud-init[812]: ci-info: |   lo   | True |           ::1/128           |       .       |  host  |         .         |
[   19.776780] cloud-init[812]: ci-info: +--------+------+-----------------------------+---------------+--------+-------------------+
[   19.776819] cloud-init[812]: ci-info: ++++++++++++++++++++++++++++++++Route IPv4 info++++++++++++++++++++++++++++++++
[   19.776861] cloud-init[812]: ci-info: +-------+---------------+---------------+-----------------+-----------+-------+
[   19.776906] cloud-init[812]: ci-info: | Route |  Destination  |    Gateway    |     Genmask     | Interface | Flags |
[   19.776948] cloud-init[812]: ci-info: +-------+---------------+---------------+-----------------+-----------+-------+
[   19.776998] cloud-init[812]: ci-info: |   0   |    0.0.0.0    |    10.0.2.2   |     0.0.0.0     |   enp0s3  |   UG  |
[   19.777037] cloud-init[812]: ci-info: |   1   |    0.0.0.0    | 192.168.100.1 |     0.0.0.0     |   enp0s8  |   UG  |
[   19.777078] cloud-init[812]: ci-info: |   2   |    10.0.2.0   |    0.0.0.0    |  255.255.255.0  |   enp0s3  |   U   |
[   19.777182] cloud-init[812]: ci-info: |   3   |    10.0.2.2   |    0.0.0.0    | 255.255.255.255 |   enp0s3  |   UH  |
[   19.777232] cloud-init[812]: ci-info: |   4   |  192.168.50.0 |    0.0.0.0    |  255.255.255.0  |   enp0s9  |   U   |
[   19.777274] cloud-init[812]: ci-info: |   5   | 192.168.100.0 |    0.0.0.0    |  255.255.255.0  |   enp0s8  |   U   |
[   19.777312] cloud-init[812]: ci-info: |   6   | 192.168.100.1 |    0.0.0.0    | 255.255.255.255 |   enp0s8  |   UH  |
[   19.777349] cloud-init[812]: ci-info: +-------+---------------+---------------+-----------------+-----------+-------+
[   19.777386] cloud-init[812]: ci-info: +++++++++++++++++++Route IPv6 info+++++++++++++++++++
[   19.777423] cloud-init[812]: ci-info: +-------+-------------+---------+-----------+-------+
[   19.777461] cloud-init[812]: ci-info: | Route | Destination | Gateway | Interface | Flags |
[   19.777513] cloud-init[812]: ci-info: +-------+-------------+---------+-----------+-------+
[   19.777555] cloud-init[812]: ci-info: |   1   |  fe80::/64  |    ::   |   enp0s9  |   U   |
[   19.777597] cloud-init[812]: ci-info: |   2   |  fe80::/64  |    ::   |   enp0s8  |   U   |
[   19.777634] cloud-init[812]: ci-info: |   3   |  fe80::/64  |    ::   |   enp0s3  |   U   |
[   19.777671] cloud-init[812]: ci-info: |   4   |     ::/0    | fe80::1 |   enp0s8  |   UG  |
[   19.777712] cloud-init[812]: ci-info: |   6   |    local    |    ::   |   enp0s3  |   U   |
[   19.777749] cloud-init[812]: ci-info: |   7   |    local    |    ::   |   enp0s8  |   U   |
[   19.777789] cloud-init[812]: ci-info: |   8   |    local    |    ::   |   enp0s9  |   U   |
[   19.777826] cloud-init[812]: ci-info: |   9   |   ff00::/8  |    ::   |   enp0s9  |   U   |
[   19.777869] cloud-init[812]: ci-info: |   10  |   ff00::/8  |    ::   |   enp0s8  |   U   |
[   19.777911] cloud-init[812]: ci-info: |   11  |   ff00::/8  |    ::   |   enp0s3  |   U   |
[   19.777957] cloud-init[812]: ci-info: +-------+-------------+---------+-----------+-------+
] Reached target Timers.
[[0;32m  OK  [0m] Reached target Cloud-config availability.
[[0;32m  OK  [0m] Reached target Network is Online.
         Starting iSCSI initiator daemon (iscsid)...
[[0;32m  OK  [0m] Listening on LXD - unix socket.
[[0;32m  OK  [0m] Listening on Socket activation for snappy daemon.
[[0;32m  OK  [0m] Reached target Sockets.
[[0;32m  OK  [0m] Reached target Basic System.
         Starting MySQL Community Server...
[[0;32m  OK  [0m] Started Unattended Upgrades Shutdown.
         Starting Accounts Service...
         Starting System Logging Service...
         Starting LSB: Record successful boot for GRUB...
         Starting Login Service...
[[0;32m  OK  [0m] Started D-Bus System Message Bus.
[[0;32m  OK  [0m] Started irqbalance daemon.
         Starting Virtualbox guest utils...
[[0;32m  OK  [0m] Started Regular background program processing daemon.
         Starting Apply the settings specified in cloud-config...
         Starting A high performance web server and a reverse proxy server...
         Starting Advanced key-value store...
         Starting Dispatcher daemon for systemd-networkd...
         Starting LXD - container startup/shutdown...
[[0;32m  OK  [0m] Started FUSE filesystem for LXC.
[[0;32m  OK  [0m] Started Deferred execution scheduler.
         Starting Snappy daemon...
         Starting OpenBSD Secure Shell server...
[[0;32m  OK  [0m] Started System Logging Service.
[[0;32m  OK  [0m] Started iSCSI initiator daemon (iscsid).
[[0;1;31mFAILED[0m] Failed to start A high performance …server and a reverse proxy server.
See 'systemctl status nginx.service' for details.
[[0;32m  OK  [0m] Started Advanced key-value store.
[[0;32m  OK  [0m] Started Login Service.
         Starting Authorization Manager...
         Starting Availability of block devices...
[[0;32m  OK  [0m] Reached target Remote File Systems (Pre).
[[0;32m  OK  [0m] Reached target Remote File Systems.
         Starting Permit User Sessions...
         Starting LSB: automatic crash report generation...
[[0;32m  OK  [0m] Started Snappy daemon.
[[0;32m  OK  [0m] Started LSB: Record successful boot for GRUB.
[[0;32m  OK  [0m] Started Virtualbox guest utils.
[[0;32m  OK  [0m] Started LXD - container startup/shutdown.
[[0;32m  OK  [0m] Started Availability of block devices.
[[0;32m  OK  [0m] Started Dispatcher daemon for systemd-networkd.
[[0;32m  OK  [0m] Started OpenBSD Secure Shell server.
[[0;32m  OK  [0m] Started Permit User Sessions.
[[0;32m  OK  [0m] Started Authorization Manager.
[[0;32m  OK  [0m] Started Accounts Service.
         Starting Hold until boot process finishes up...
         Starting Terminate Plymouth Boot Screen...
[[0;32m  OK  [0m] Started LSB: automatic crash report generation.
[[0;32m  OK  [0m] Started Hold until boot process finishes up.
[[0;32m  OK  [0m] Started Terminate Plymouth Boot Screen.
[[0;32m  OK  [0m] Created slice User Slice of vagrant.
[[0;32m  OK  [0m] Started Serial Getty on ttyS0.
         Starting Set console scheme...
[[0;32m  OK  [0m] Started Set console scheme.
         Starting User Manager for UID 1000...
[[0;32m  OK  [0m] Created slice system-getty.slice.
[[0;32m  OK  [0m] Started Getty on tty1.
[[0;32m  OK  [0m] Reached target Login Prompts.
[[0;32m  OK  [0m] Started Session 1 of user vagrant.
[[0;32m  OK  [0m] Started User Manager for UID 1000.
[   24.775730] cloud-init[1011]: Cloud-init v. 18.2 running 'modules:config' at Thu, 14 Jun 2018 18:03:10 +0000. Up 24.29 seconds.
[[0;32m  OK  [0m] Started MySQL Community Server.
[[0;32m  OK  [0m] Reached target Multi-User System.
[[0;32m  OK  [0m] Reached target Graphical Interface.
         Starting Update UTMP about System Runlevel Changes...
[[0;32m  OK  [0m] Started Apply the settings specified in cloud-config.
         Starting Execute cloud user/final scripts...
[[0;32m  OK  [0m] Started Update UTMP about System Runlevel Changes.
[   26.277332] cloud-init[1280]: Cloud-init v. 18.2 running 'modules:final' at Thu, 14 Jun 2018 18:03:11 +0000. Up 25.96 seconds.
[   26.313732] cloud-init[1280]: Cloud-init v. 18.2 finished at Thu, 14 Jun 2018 18:03:12 +0000. Datasource DataSourceNoCloud [seed=/dev/sdb][dsmode=net].  Up 26.26 seconds
[[0;32m  OK  [0m] Started Execute cloud user/final scripts.
[[0;32m  OK  [0m] Reached target Cloud-init target.
         Starting Daily apt download activities...

Ubuntu 18.04 LTS ubuntu-bionic ttyS0

ubuntu-bionic login: 